<?xml version="1.0" encoding="UTF-8"?>
<testng-results skipped="0" failed="0" ignored="0" total="1" passed="1">
  <reporter-output>
  </reporter-output>
  <suite name="Default suite" duration-ms="43430" started-at="2021-04-21T06:14:42Z" finished-at="2021-04-21T06:15:26Z">
    <groups>
    </groups>
    <test name="Default test" duration-ms="43430" started-at="2021-04-21T06:14:42Z" finished-at="2021-04-21T06:15:26Z">
      <class name="com.maven.StackFinanceAssignment.ExecutionClass">
        <test-method status="PASS" signature="beforeSuite()[pri:0, instance:com.maven.StackFinanceAssignment.ExecutionClass@35fde981]" name="beforeSuite" is-config="true" duration-ms="10" started-at="2021-04-21T06:14:42Z" finished-at="2021-04-21T06:14:42Z">
          <reporter-output>
          </reporter-output>
        </test-method> <!-- beforeSuite -->
        <test-method status="PASS" signature="beforeClass()[pri:0, instance:com.maven.StackFinanceAssignment.ExecutionClass@35fde981]" name="beforeClass" is-config="true" duration-ms="9454" started-at="2021-04-21T06:14:42Z" finished-at="2021-04-21T06:14:52Z">
          <reporter-output>
          </reporter-output>
        </test-method> <!-- beforeClass -->
        <test-method status="PASS" signature="beforeMethod(java.lang.reflect.Method)[pri:0, instance:com.maven.StackFinanceAssignment.ExecutionClass@35fde981]" name="beforeMethod" is-config="true" duration-ms="1629" started-at="2021-04-21T06:14:52Z" finished-at="2021-04-21T06:14:54Z">
          <params>
            <param index="0">
              <value>
                <![CDATA[public void com.maven.StackFinanceAssignment.ExecutionClass.verify_VerifyLoginAndCreateButton() throws java.lang.Exception]]>
              </value>
            </param>
          </params>
          <reporter-output>
          </reporter-output>
        </test-method> <!-- beforeMethod -->
        <test-method status="PASS" signature="verify_VerifyLoginAndCreateButton()[pri:1, instance:com.maven.StackFinanceAssignment.ExecutionClass@35fde981]" name="verify_VerifyLoginAndCreateButton" duration-ms="32324" started-at="2021-04-21T06:14:54Z" finished-at="2021-04-21T06:15:26Z">
          <reporter-output>
          </reporter-output>
        </test-method> <!-- verify_VerifyLoginAndCreateButton -->
        <test-method status="PASS" signature="afterclass()[pri:0, instance:com.maven.StackFinanceAssignment.ExecutionClass@35fde981]" name="afterclass" is-config="true" duration-ms="1" started-at="2021-04-21T06:15:26Z" finished-at="2021-04-21T06:15:26Z">
          <reporter-output>
          </reporter-output>
        </test-method> <!-- afterclass -->
        <test-method status="FAIL" signature="afterSuite()[pri:0, instance:com.maven.StackFinanceAssignment.ExecutionClass@35fde981]" name="afterSuite" is-config="true" duration-ms="6" started-at="2021-04-21T06:15:26Z" finished-at="2021-04-21T06:15:26Z">
          <exception class="java.lang.NullPointerException">
            <full-stacktrace>
              <![CDATA[java.lang.NullPointerException
at stack.finance.reports.ExtentReport.getFlush(ExtentReport.java:34)
at stack.finance.Base.BaseClass.afterSuite(BaseClass.java:80)
at sun.reflect.NativeMethodAccessorImpl.invoke0(Native Method)
at sun.reflect.NativeMethodAccessorImpl.invoke(NativeMethodAccessorImpl.java:62)
at sun.reflect.DelegatingMethodAccessorImpl.invoke(DelegatingMethodAccessorImpl.java:43)
at java.lang.reflect.Method.invoke(Method.java:498)
at org.testng.internal.MethodInvocationHelper.invokeMethod(MethodInvocationHelper.java:124)
at org.testng.internal.MethodInvocationHelper.invokeMethodConsideringTimeout(MethodInvocationHelper.java:59)
at org.testng.internal.Invoker.invokeConfigurationMethod(Invoker.java:458)
at org.testng.internal.Invoker.invokeConfigurations(Invoker.java:222)
at org.testng.internal.Invoker.invokeConfigurations(Invoker.java:142)
at org.testng.SuiteRunner.privateRun(SuiteRunner.java:425)
at org.testng.SuiteRunner.run(SuiteRunner.java:364)
at org.testng.SuiteRunnerWorker.runSuite(SuiteRunnerWorker.java:52)
at org.testng.SuiteRunnerWorker.run(SuiteRunnerWorker.java:84)
at org.testng.TestNG.runSuitesSequentially(TestNG.java:1208)
at org.testng.TestNG.runSuitesLocally(TestNG.java:1137)
at org.testng.TestNG.runSuites(TestNG.java:1049)
at org.testng.TestNG.run(TestNG.java:1017)
at org.testng.remote.AbstractRemoteTestNG.run(AbstractRemoteTestNG.java:132)
at org.testng.remote.RemoteTestNG.initAndRun(RemoteTestNG.java:236)
at org.testng.remote.RemoteTestNG.main(RemoteTestNG.java:81)
]]>
            </full-stacktrace>
          </exception> <!-- java.lang.NullPointerException -->
          <reporter-output>
          </reporter-output>
        </test-method> <!-- afterSuite -->
      </class> <!-- com.maven.StackFinanceAssignment.ExecutionClass -->
    </test> <!-- Default test -->
  </suite> <!-- Default suite -->
</testng-results>
